<?xml version="1.0" encoding="UTF-8"?>
<!-- Generated by org.testng.reporters.JUnitXMLReporter -->
<testsuite hostname="Satishs-iMac.local" ignored="0" name="Default test" tests="5" failures="0" timestamp="24 Dec 2019 07:09:55 GMT" time="1117.294" errors="0">
  <testcase name="registration_E2E_WithoutPhnNum" time="213.316" classname="com.qa.tiatros.registration.testcase.TC001"/>
  <testcase name="registration_E2E_WithoutPhnNum" time="214.344" classname="com.qa.tiatros.registration.testcase.TC001"/>
  <testcase name="registration_E2E_WithoutPhnNum" time="222.592" classname="com.qa.tiatros.registration.testcase.TC001"/>
  <testcase name="registration_E2E_WithoutPhnNum" time="212.194" classname="com.qa.tiatros.registration.testcase.TC001"/>
  <testcase name="registration_E2E_WithoutPhnNum" time="210.957" classname="com.qa.tiatros.registration.testcase.TC001"/>
</testsuite> <!-- Default test -->
