<?xml version="1.0" encoding="UTF-8"?>
<!-- Generated by org.testng.reporters.JUnitXMLReporter -->
<testsuite hostname="Satishs-iMac.local" ignored="3" name="ALL" tests="1" failures="1" timestamp="26 Aug 2019 07:01:25 GMT" time="14.548" errors="0">
  <testcase name="dashboard_Click_All" time="6.027" classname="com.qa.tiatros.registration.testcase.DashboardTest">
    <failure type="java.lang.NoSuchMethodError" message="org.apache.poi.util.POILogger.log(ILjava/lang/Object;)V">
      <![CDATA[java.lang.NoSuchMethodError: org.apache.poi.util.POILogger.log(ILjava/lang/Object;)V
at org.apache.poi.openxml4j.opc.PackageRelationshipCollection.parseRelationshipsPart(PackageRelationshipCollection.java:313)
at org.apache.poi.openxml4j.opc.PackageRelationshipCollection.<init>(PackageRelationshipCollection.java:163)
at org.apache.poi.openxml4j.opc.PackageRelationshipCollection.<init>(PackageRelationshipCollection.java:131)
at org.apache.poi.openxml4j.opc.PackagePart.loadRelationships(PackagePart.java:559)
at org.apache.poi.openxml4j.opc.PackagePart.<init>(PackagePart.java:112)
at org.apache.poi.openxml4j.opc.PackagePart.<init>(PackagePart.java:83)
at org.apache.poi.openxml4j.opc.PackagePart.<init>(PackagePart.java:128)
at org.apache.poi.openxml4j.opc.ZipPackagePart.<init>(ZipPackagePart.java:78)
at org.apache.poi.openxml4j.opc.ZipPackage.getPartsImpl(ZipPackage.java:243)
at org.apache.poi.openxml4j.opc.OPCPackage.getParts(OPCPackage.java:673)
at org.apache.poi.openxml4j.opc.OPCPackage.open(OPCPackage.java:274)
at org.apache.poi.util.PackageHelper.open(PackageHelper.java:37)
at org.apache.poi.xssf.usermodel.XSSFWorkbook.<init>(XSSFWorkbook.java:258)
at com.qa.tiatros.util.UtilTest.readExcel(UtilTest.java:107)
at com.qa.tiatros.pages.SignupPage.signup_Details(SignupPage.java:70)
at com.qa.tiatros.registration.testcase.DashboardTest.dashboard_Click_All(DashboardTest.java:71)
... Removed 34 stack frames]]>
    </failure>
  </testcase> <!-- dashboard_Click_All -->
  <testcase name="click_Phq9Page" time="0.0" classname="com.qa.tiatros.registration.testcase.DashboardTest">
    <ignored/>
  </testcase> <!-- click_Phq9Page -->
  <testcase name="click_Gad7Page" time="0.0" classname="com.qa.tiatros.registration.testcase.DashboardTest">
    <ignored/>
  </testcase> <!-- click_Gad7Page -->
  <testcase name="dashboard_Click_All_Phone" time="0.0" classname="com.qa.tiatros.registration.testcase.DashboardTest">
    <ignored/>
  </testcase> <!-- dashboard_Click_All_Phone -->
</testsuite> <!-- ALL -->
