<?xml version="1.0" encoding="UTF-8"?>
<!-- Generated by org.testng.reporters.JUnitXMLReporter -->
<testsuite hostname="Satishs-iMac.local" ignored="0" name="Test" tests="12" failures="8" timestamp="2020-02-24T17:25:37 IST" time="611.307" errors="0">
  <testcase name="addNewMessage" time="49.21" classname="com.qa.tiatros.messaging.testcase.TC001">
    <failure type="org.openqa.selenium.ElementNotInteractableException" message="element not interactable
  (Session info: chrome=80.0.3987.116)
Build info: version: &amp;apos;3.141.59&amp;apos;, revision: &amp;apos;e82be7d358&amp;apos;, time: &amp;apos;2018-11-14T08:17:03&amp;apos;
System info: host: &amp;apos;Satishs-iMac.local&amp;apos;, ip: &amp;apos;fe80:0:0:0:c43:65f3:43f:1445%en0&amp;apos;, os.name: &amp;apos;Mac OS X&amp;apos;, os.arch: &amp;apos;x86_64&amp;apos;, os.version: &amp;apos;10.13.6&amp;apos;, java.version: &amp;apos;1.8.0_181&amp;apos;
Driver info: org.openqa.selenium.chrome.ChromeDriver
Capabilities {acceptInsecureCerts: false, browserName: chrome, browserVersion: 80.0.3987.116, chrome: {chromedriverVersion: 80.0.3987.106 (f68069574609..., userDataDir: /var/folders/by/zcvmnm0n0gg...}, goog:chromeOptions: {debuggerAddress: localhost:52961}, javascriptEnabled: true, networkConnectionEnabled: false, pageLoadStrategy: normal, platform: MAC, platformName: MAC, proxy: Proxy(), setWindowRect: true, strictFileInteractability: false, timeouts: {implicit: 0, pageLoad: 300000, script: 30000}, unhandledPromptBehavior: dismiss and notify}
Session ID: 8601697933759e070b133d79e414698e">
      <![CDATA[org.openqa.selenium.ElementNotInteractableException: element not interactable
  (Session info: chrome=80.0.3987.116)
Build info: version: '3.141.59', revision: 'e82be7d358', time: '2018-11-14T08:17:03'
System info: host: 'Satishs-iMac.local', ip: 'fe80:0:0:0:c43:65f3:43f:1445%en0', os.name: 'Mac OS X', os.arch: 'x86_64', os.version: '10.13.6', java.version: '1.8.0_181'
Driver info: org.openqa.selenium.chrome.ChromeDriver
Capabilities {acceptInsecureCerts: false, browserName: chrome, browserVersion: 80.0.3987.116, chrome: {chromedriverVersion: 80.0.3987.106 (f68069574609..., userDataDir: /var/folders/by/zcvmnm0n0gg...}, goog:chromeOptions: {debuggerAddress: localhost:52961}, javascriptEnabled: true, networkConnectionEnabled: false, pageLoadStrategy: normal, platform: MAC, platformName: MAC, proxy: Proxy(), setWindowRect: true, strictFileInteractability: false, timeouts: {implicit: 0, pageLoad: 300000, script: 30000}, unhandledPromptBehavior: dismiss and notify}
Session ID: 8601697933759e070b133d79e414698e
at org.openqa.selenium.remote.http.W3CHttpResponseCodec.createException(W3CHttpResponseCodec.java:187)
at org.openqa.selenium.remote.http.W3CHttpResponseCodec.decode(W3CHttpResponseCodec.java:122)
at org.openqa.selenium.remote.http.W3CHttpResponseCodec.decode(W3CHttpResponseCodec.java:49)
at org.openqa.selenium.remote.HttpCommandExecutor.execute(HttpCommandExecutor.java:158)
at org.openqa.selenium.remote.service.DriverCommandExecutor.execute(DriverCommandExecutor.java:83)
at org.openqa.selenium.remote.RemoteWebDriver.execute(RemoteWebDriver.java:552)
at org.openqa.selenium.remote.RemoteWebElement.execute(RemoteWebElement.java:285)
at org.openqa.selenium.remote.RemoteWebElement.click(RemoteWebElement.java:84)
at com.qa.tiatros.util.UtilTest.logout(UtilTest.java:306)
at com.qa.tiatros.pages.MessagePostPage.check_messagePost(MessagePostPage.java:46)
at com.qa.tiatros.messaging.testcase.TC001.addNewMessage(TC001.java:43)
at java.util.ArrayList.forEach(ArrayList.java:1257)
... Removed 31 stack frames]]>
    </failure>
  </testcase> <!-- addNewMessage -->
  <testcase name="upLoadImage" time="57.474" classname="com.qa.tiatros.messaging.testcase.TC002">
    <failure type="org.openqa.selenium.TimeoutException" message="Expected condition failed: waiting for element to be clickable: Proxy element for: DefaultElementLocator &amp;apos;By.xpath: //button[@id=&amp;apos;snap&amp;apos;]&amp;apos; (tried for 15 second(s) with 500 milliseconds interval)">
      <![CDATA[org.openqa.selenium.TimeoutException: Expected condition failed: waiting for element to be clickable: Proxy element for: DefaultElementLocator 'By.xpath: //button[@id='snap']' (tried for 15 second(s) with 500 milliseconds interval)
at org.openqa.selenium.support.ui.WebDriverWait.timeoutException(WebDriverWait.java:95)
at org.openqa.selenium.support.ui.FluentWait.until(FluentWait.java:272)
at com.qa.tiatros.util.UtilTest.element_click(UtilTest.java:71)
at com.qa.tiatros.pages.CourseDashboardPage.add_JoyfulMoments(CourseDashboardPage.java:201)
at com.qa.tiatros.messaging.testcase.TC002.upLoadImage(TC002.java:41)
at java.util.ArrayList.forEach(ArrayList.java:1257)
Caused by: org.openqa.selenium.NoSuchElementException: no such element: Unable to locate element: {"method":"xpath","selector":"//button[@id='snap']"}
  (Session info: chrome=80.0.3987.116)
For documentation on this error, please visit: https://www.seleniumhq.org/exceptions/no_such_element.html
Build info: version: '3.141.59', revision: 'e82be7d358', time: '2018-11-14T08:17:03'
System info: host: 'Satishs-iMac.local', ip: 'fe80:0:0:0:c43:65f3:43f:1445%en0', os.name: 'Mac OS X', os.arch: 'x86_64', os.version: '10.13.6', java.version: '1.8.0_181'
Driver info: org.openqa.selenium.chrome.ChromeDriver
Capabilities {acceptInsecureCerts: false, browserName: chrome, browserVersion: 80.0.3987.116, chrome: {chromedriverVersion: 80.0.3987.106 (f68069574609..., userDataDir: /var/folders/by/zcvmnm0n0gg...}, goog:chromeOptions: {debuggerAddress: localhost:52991}, javascriptEnabled: true, networkConnectionEnabled: false, pageLoadStrategy: normal, platform: MAC, platformName: MAC, proxy: Proxy(), setWindowRect: true, strictFileInteractability: false, timeouts: {implicit: 0, pageLoad: 300000, script: 30000}, unhandledPromptBehavior: dismiss and notify}
Session ID: d643f7b28c90305bcf7d2631335c268c
*** Element info: {Using=xpath, value=//button[@id='snap']}
at org.openqa.selenium.remote.http.W3CHttpResponseCodec.createException(W3CHttpResponseCodec.java:187)
at org.openqa.selenium.remote.http.W3CHttpResponseCodec.decode(W3CHttpResponseCodec.java:122)
at org.openqa.selenium.remote.http.W3CHttpResponseCodec.decode(W3CHttpResponseCodec.java:49)
at org.openqa.selenium.remote.HttpCommandExecutor.execute(HttpCommandExecutor.java:158)
at org.openqa.selenium.remote.service.DriverCommandExecutor.execute(DriverCommandExecutor.java:83)
at org.openqa.selenium.remote.RemoteWebDriver.execute(RemoteWebDriver.java:552)
at org.openqa.selenium.remote.RemoteWebDriver.findElement(RemoteWebDriver.java:323)
at org.openqa.selenium.remote.RemoteWebDriver.findElementByXPath(RemoteWebDriver.java:428)
at org.openqa.selenium.By$ByXPath.findElement(By.java:353)
at org.openqa.selenium.remote.RemoteWebDriver.findElement(RemoteWebDriver.java:315)
at org.openqa.selenium.support.pagefactory.DefaultElementLocator.findElement(DefaultElementLocator.java:69)
at org.openqa.selenium.support.pagefactory.internal.LocatingElementHandler.invoke(LocatingElementHandler.java:38)
at com.sun.proxy.$Proxy10.isDisplayed(Unknown Source)
at org.openqa.selenium.support.ui.ExpectedConditions.elementIfVisible(ExpectedConditions.java:314)
at org.openqa.selenium.support.ui.ExpectedConditions.access$000(ExpectedConditions.java:43)
at org.openqa.selenium.support.ui.ExpectedConditions$10.apply(ExpectedConditions.java:300)
at org.openqa.selenium.support.ui.ExpectedConditions$10.apply(ExpectedConditions.java:297)
at org.openqa.selenium.support.ui.ExpectedConditions$23.apply(ExpectedConditions.java:670)
at org.openqa.selenium.support.ui.ExpectedConditions$23.apply(ExpectedConditions.java:666)
at org.openqa.selenium.support.ui.FluentWait.until(FluentWait.java:249)
... 31 more
... Removed 31 stack frames]]>
    </failure>
  </testcase> <!-- upLoadImage -->
  <testcase name="addReplyComments" time="38.518" classname="com.qa.tiatros.messaging.testcase.TC003"/>
  <testcase name="heartIconClick" time="38.638" classname="com.qa.tiatros.messaging.testcase.TC004">
    <failure type="org.openqa.selenium.ElementNotInteractableException" message="element not interactable
  (Session info: chrome=80.0.3987.116)
Build info: version: &amp;apos;3.141.59&amp;apos;, revision: &amp;apos;e82be7d358&amp;apos;, time: &amp;apos;2018-11-14T08:17:03&amp;apos;
System info: host: &amp;apos;Satishs-iMac.local&amp;apos;, ip: &amp;apos;fe80:0:0:0:c43:65f3:43f:1445%en0&amp;apos;, os.name: &amp;apos;Mac OS X&amp;apos;, os.arch: &amp;apos;x86_64&amp;apos;, os.version: &amp;apos;10.13.6&amp;apos;, java.version: &amp;apos;1.8.0_181&amp;apos;
Driver info: org.openqa.selenium.chrome.ChromeDriver
Capabilities {acceptInsecureCerts: false, browserName: chrome, browserVersion: 80.0.3987.116, chrome: {chromedriverVersion: 80.0.3987.106 (f68069574609..., userDataDir: /var/folders/by/zcvmnm0n0gg...}, goog:chromeOptions: {debuggerAddress: localhost:53063}, javascriptEnabled: true, networkConnectionEnabled: false, pageLoadStrategy: normal, platform: MAC, platformName: MAC, proxy: Proxy(), setWindowRect: true, strictFileInteractability: false, timeouts: {implicit: 0, pageLoad: 300000, script: 30000}, unhandledPromptBehavior: dismiss and notify}
Session ID: eee5f9bee5fee07b4afc6c34b10105f9">
      <![CDATA[org.openqa.selenium.ElementNotInteractableException: element not interactable
  (Session info: chrome=80.0.3987.116)
Build info: version: '3.141.59', revision: 'e82be7d358', time: '2018-11-14T08:17:03'
System info: host: 'Satishs-iMac.local', ip: 'fe80:0:0:0:c43:65f3:43f:1445%en0', os.name: 'Mac OS X', os.arch: 'x86_64', os.version: '10.13.6', java.version: '1.8.0_181'
Driver info: org.openqa.selenium.chrome.ChromeDriver
Capabilities {acceptInsecureCerts: false, browserName: chrome, browserVersion: 80.0.3987.116, chrome: {chromedriverVersion: 80.0.3987.106 (f68069574609..., userDataDir: /var/folders/by/zcvmnm0n0gg...}, goog:chromeOptions: {debuggerAddress: localhost:53063}, javascriptEnabled: true, networkConnectionEnabled: false, pageLoadStrategy: normal, platform: MAC, platformName: MAC, proxy: Proxy(), setWindowRect: true, strictFileInteractability: false, timeouts: {implicit: 0, pageLoad: 300000, script: 30000}, unhandledPromptBehavior: dismiss and notify}
Session ID: eee5f9bee5fee07b4afc6c34b10105f9
at org.openqa.selenium.remote.http.W3CHttpResponseCodec.createException(W3CHttpResponseCodec.java:187)
at org.openqa.selenium.remote.http.W3CHttpResponseCodec.decode(W3CHttpResponseCodec.java:122)
at org.openqa.selenium.remote.http.W3CHttpResponseCodec.decode(W3CHttpResponseCodec.java:49)
at org.openqa.selenium.remote.HttpCommandExecutor.execute(HttpCommandExecutor.java:158)
at org.openqa.selenium.remote.service.DriverCommandExecutor.execute(DriverCommandExecutor.java:83)
at org.openqa.selenium.remote.RemoteWebDriver.execute(RemoteWebDriver.java:552)
at org.openqa.selenium.remote.RemoteWebElement.execute(RemoteWebElement.java:285)
at org.openqa.selenium.remote.RemoteWebElement.click(RemoteWebElement.java:84)
at com.qa.tiatros.util.UtilTest.logout(UtilTest.java:306)
at com.qa.tiatros.pages.CourseDashboardPage.click_HeartIconAll(CourseDashboardPage.java:212)
at com.qa.tiatros.messaging.testcase.TC004.heartIconClick(TC004.java:39)
at java.util.ArrayList.forEach(ArrayList.java:1257)
... Removed 31 stack frames]]>
    </failure>
  </testcase> <!-- heartIconClick -->
  <testcase name="clickAll4Notification" time="43.073" classname="com.qa.tiatros.messaging.testcase.TC005">
    <failure type="org.openqa.selenium.TimeoutException" message="Expected condition failed: waiting for element to be clickable: [[ChromeDriver: chrome on MAC (be3630b9ebb0615153ff0419a43a0fd8)] -&amp;gt; xpath: //li[4]//a[1]//img[1]] (tried for 15 second(s) with 500 milliseconds interval)
Build info: version: &amp;apos;3.141.59&amp;apos;, revision: &amp;apos;e82be7d358&amp;apos;, time: &amp;apos;2018-11-14T08:17:03&amp;apos;
System info: host: &amp;apos;Satishs-iMac.local&amp;apos;, ip: &amp;apos;fe80:0:0:0:c43:65f3:43f:1445%en0&amp;apos;, os.name: &amp;apos;Mac OS X&amp;apos;, os.arch: &amp;apos;x86_64&amp;apos;, os.version: &amp;apos;10.13.6&amp;apos;, java.version: &amp;apos;1.8.0_181&amp;apos;
Driver info: org.openqa.selenium.chrome.ChromeDriver
Capabilities {acceptInsecureCerts: false, browserName: chrome, browserVersion: 80.0.3987.116, chrome: {chromedriverVersion: 80.0.3987.106 (f68069574609..., userDataDir: /var/folders/by/zcvmnm0n0gg...}, goog:chromeOptions: {debuggerAddress: localhost:53093}, javascriptEnabled: true, networkConnectionEnabled: false, pageLoadStrategy: normal, platform: MAC, platformName: MAC, proxy: Proxy(), setWindowRect: true, strictFileInteractability: false, timeouts: {implicit: 0, pageLoad: 300000, script: 30000}, unhandledPromptBehavior: dismiss and notify}
Session ID: be3630b9ebb0615153ff0419a43a0fd8">
      <![CDATA[org.openqa.selenium.TimeoutException: Expected condition failed: waiting for element to be clickable: [[ChromeDriver: chrome on MAC (be3630b9ebb0615153ff0419a43a0fd8)] -> xpath: //li[4]//a[1]//img[1]] (tried for 15 second(s) with 500 milliseconds interval)
Build info: version: '3.141.59', revision: 'e82be7d358', time: '2018-11-14T08:17:03'
System info: host: 'Satishs-iMac.local', ip: 'fe80:0:0:0:c43:65f3:43f:1445%en0', os.name: 'Mac OS X', os.arch: 'x86_64', os.version: '10.13.6', java.version: '1.8.0_181'
Driver info: org.openqa.selenium.chrome.ChromeDriver
Capabilities {acceptInsecureCerts: false, browserName: chrome, browserVersion: 80.0.3987.116, chrome: {chromedriverVersion: 80.0.3987.106 (f68069574609..., userDataDir: /var/folders/by/zcvmnm0n0gg...}, goog:chromeOptions: {debuggerAddress: localhost:53093}, javascriptEnabled: true, networkConnectionEnabled: false, pageLoadStrategy: normal, platform: MAC, platformName: MAC, proxy: Proxy(), setWindowRect: true, strictFileInteractability: false, timeouts: {implicit: 0, pageLoad: 300000, script: 30000}, unhandledPromptBehavior: dismiss and notify}
Session ID: be3630b9ebb0615153ff0419a43a0fd8
at org.openqa.selenium.support.ui.WebDriverWait.timeoutException(WebDriverWait.java:95)
at org.openqa.selenium.support.ui.FluentWait.until(FluentWait.java:272)
at com.qa.tiatros.util.UtilTest.element_click(UtilTest.java:71)
at com.qa.tiatros.pages.CourseDashboardPage.click_all_notificationIcons(CourseDashboardPage.java:223)
at com.qa.tiatros.messaging.testcase.TC005.clickAll4Notification(TC005.java:39)
at java.util.ArrayList.forEach(ArrayList.java:1257)
... Removed 27 stack frames]]>
    </failure>
  </testcase> <!-- clickAll4Notification -->
  <testcase name="clickAllTilesInMessages" time="37.266" classname="com.qa.tiatros.messaging.testcase.TC006"/>
  <testcase name="myGroupSection" time="26.431" classname="com.qa.tiatros.messaging.testcase.TC007">
    <failure type="org.openqa.selenium.TimeoutException" message="Expected condition failed: waiting for element to be clickable: [[ChromeDriver: chrome on MAC (b0a9932101d459c1552a2f8fafa42941)] -&amp;gt; xpath: //a[contains(text(),&amp;apos;My Group&amp;apos;)]] (tried for 15 second(s) with 500 milliseconds interval)
Build info: version: &amp;apos;3.141.59&amp;apos;, revision: &amp;apos;e82be7d358&amp;apos;, time: &amp;apos;2018-11-14T08:17:03&amp;apos;
System info: host: &amp;apos;Satishs-iMac.local&amp;apos;, ip: &amp;apos;fe80:0:0:0:c43:65f3:43f:1445%en0&amp;apos;, os.name: &amp;apos;Mac OS X&amp;apos;, os.arch: &amp;apos;x86_64&amp;apos;, os.version: &amp;apos;10.13.6&amp;apos;, java.version: &amp;apos;1.8.0_181&amp;apos;
Driver info: org.openqa.selenium.chrome.ChromeDriver
Capabilities {acceptInsecureCerts: false, browserName: chrome, browserVersion: 80.0.3987.116, chrome: {chromedriverVersion: 80.0.3987.106 (f68069574609..., userDataDir: /var/folders/by/zcvmnm0n0gg...}, goog:chromeOptions: {debuggerAddress: localhost:53153}, javascriptEnabled: true, networkConnectionEnabled: false, pageLoadStrategy: normal, platform: MAC, platformName: MAC, proxy: Proxy(), setWindowRect: true, strictFileInteractability: false, timeouts: {implicit: 0, pageLoad: 300000, script: 30000}, unhandledPromptBehavior: dismiss and notify}
Session ID: b0a9932101d459c1552a2f8fafa42941">
      <![CDATA[org.openqa.selenium.TimeoutException: Expected condition failed: waiting for element to be clickable: [[ChromeDriver: chrome on MAC (b0a9932101d459c1552a2f8fafa42941)] -> xpath: //a[contains(text(),'My Group')]] (tried for 15 second(s) with 500 milliseconds interval)
Build info: version: '3.141.59', revision: 'e82be7d358', time: '2018-11-14T08:17:03'
System info: host: 'Satishs-iMac.local', ip: 'fe80:0:0:0:c43:65f3:43f:1445%en0', os.name: 'Mac OS X', os.arch: 'x86_64', os.version: '10.13.6', java.version: '1.8.0_181'
Driver info: org.openqa.selenium.chrome.ChromeDriver
Capabilities {acceptInsecureCerts: false, browserName: chrome, browserVersion: 80.0.3987.116, chrome: {chromedriverVersion: 80.0.3987.106 (f68069574609..., userDataDir: /var/folders/by/zcvmnm0n0gg...}, goog:chromeOptions: {debuggerAddress: localhost:53153}, javascriptEnabled: true, networkConnectionEnabled: false, pageLoadStrategy: normal, platform: MAC, platformName: MAC, proxy: Proxy(), setWindowRect: true, strictFileInteractability: false, timeouts: {implicit: 0, pageLoad: 300000, script: 30000}, unhandledPromptBehavior: dismiss and notify}
Session ID: b0a9932101d459c1552a2f8fafa42941
at org.openqa.selenium.support.ui.WebDriverWait.timeoutException(WebDriverWait.java:95)
at org.openqa.selenium.support.ui.FluentWait.until(FluentWait.java:272)
at com.qa.tiatros.util.UtilTest.element_click(UtilTest.java:71)
at com.qa.tiatros.pages.CourseDashboardPage.clickMyGroup(CourseDashboardPage.java:245)
at com.qa.tiatros.messaging.testcase.TC007.myGroupSection(TC007.java:42)
at java.util.ArrayList.forEach(ArrayList.java:1257)
... Removed 27 stack frames]]>
    </failure>
  </testcase> <!-- myGroupSection -->
  <testcase name="messagePostFromJMFSection" time="25.723" classname="com.qa.tiatros.messaging.testcase.TC008">
    <failure type="org.openqa.selenium.TimeoutException" message="Expected condition failed: waiting for element to be clickable: [[ChromeDriver: chrome on MAC (b6ec3f403343371240140f8483e38e02)] -&amp;gt; xpath: //a[contains(text(),&amp;apos;Joyful Moments&amp;apos;)]] (tried for 15 second(s) with 500 milliseconds interval)
Build info: version: &amp;apos;3.141.59&amp;apos;, revision: &amp;apos;e82be7d358&amp;apos;, time: &amp;apos;2018-11-14T08:17:03&amp;apos;
System info: host: &amp;apos;Satishs-iMac.local&amp;apos;, ip: &amp;apos;fe80:0:0:0:c43:65f3:43f:1445%en0&amp;apos;, os.name: &amp;apos;Mac OS X&amp;apos;, os.arch: &amp;apos;x86_64&amp;apos;, os.version: &amp;apos;10.13.6&amp;apos;, java.version: &amp;apos;1.8.0_181&amp;apos;
Driver info: org.openqa.selenium.chrome.ChromeDriver
Capabilities {acceptInsecureCerts: false, browserName: chrome, browserVersion: 80.0.3987.116, chrome: {chromedriverVersion: 80.0.3987.106 (f68069574609..., userDataDir: /var/folders/by/zcvmnm0n0gg...}, goog:chromeOptions: {debuggerAddress: localhost:53186}, javascriptEnabled: true, networkConnectionEnabled: false, pageLoadStrategy: normal, platform: MAC, platformName: MAC, proxy: Proxy(), setWindowRect: true, strictFileInteractability: false, timeouts: {implicit: 0, pageLoad: 300000, script: 30000}, unhandledPromptBehavior: dismiss and notify}
Session ID: b6ec3f403343371240140f8483e38e02">
      <![CDATA[org.openqa.selenium.TimeoutException: Expected condition failed: waiting for element to be clickable: [[ChromeDriver: chrome on MAC (b6ec3f403343371240140f8483e38e02)] -> xpath: //a[contains(text(),'Joyful Moments')]] (tried for 15 second(s) with 500 milliseconds interval)
Build info: version: '3.141.59', revision: 'e82be7d358', time: '2018-11-14T08:17:03'
System info: host: 'Satishs-iMac.local', ip: 'fe80:0:0:0:c43:65f3:43f:1445%en0', os.name: 'Mac OS X', os.arch: 'x86_64', os.version: '10.13.6', java.version: '1.8.0_181'
Driver info: org.openqa.selenium.chrome.ChromeDriver
Capabilities {acceptInsecureCerts: false, browserName: chrome, browserVersion: 80.0.3987.116, chrome: {chromedriverVersion: 80.0.3987.106 (f68069574609..., userDataDir: /var/folders/by/zcvmnm0n0gg...}, goog:chromeOptions: {debuggerAddress: localhost:53186}, javascriptEnabled: true, networkConnectionEnabled: false, pageLoadStrategy: normal, platform: MAC, platformName: MAC, proxy: Proxy(), setWindowRect: true, strictFileInteractability: false, timeouts: {implicit: 0, pageLoad: 300000, script: 30000}, unhandledPromptBehavior: dismiss and notify}
Session ID: b6ec3f403343371240140f8483e38e02
at org.openqa.selenium.support.ui.WebDriverWait.timeoutException(WebDriverWait.java:95)
at org.openqa.selenium.support.ui.FluentWait.until(FluentWait.java:272)
at com.qa.tiatros.util.UtilTest.element_click(UtilTest.java:71)
at com.qa.tiatros.pages.CourseDashboardPage.addMessageFromJMF(CourseDashboardPage.java:252)
at com.qa.tiatros.messaging.testcase.TC008.messagePostFromJMFSection(TC008.java:40)
at java.util.ArrayList.forEach(ArrayList.java:1257)
... Removed 27 stack frames]]>
    </failure>
  </testcase> <!-- messagePostFromJMFSection -->
  <testcase name="myGroupSection" time="28.586" classname="com.qa.tiatros.messaging.testcase.TC009">
    <failure type="java.lang.AssertionError" message="-----Notification Message not reduced----- expected [true] but found [false]">
      <![CDATA[java.lang.AssertionError: -----Notification Message not reduced----- expected [true] but found [false]
at com.qa.tiatros.util.UtilTest.counterCheck(UtilTest.java:417)
at com.qa.tiatros.pages.CourseDashboardPage.groupMessageCounterCheck(CourseDashboardPage.java:272)
at com.qa.tiatros.messaging.testcase.TC009.myGroupSection(TC009.java:42)
at java.util.ArrayList.forEach(ArrayList.java:1257)
... Removed 31 stack frames]]>
    </failure>
  </testcase> <!-- myGroupSection -->
  <testcase name="addMultipleMessagePost" time="122.96" classname="com.qa.tiatros.messaging.testcase.TC010"/>
  <testcase name="myGroupSection" time="28.049" classname="com.qa.tiatros.messaging.testcase.TC011"/>
  <testcase name="myGroupSection" time="27.377" classname="com.qa.tiatros.messaging.testcase.TC012">
    <failure type="java.lang.AssertionError" message="-----Notification Message not reduced----- expected [true] but found [false]">
      <![CDATA[java.lang.AssertionError: -----Notification Message not reduced----- expected [true] but found [false]
at com.qa.tiatros.util.UtilTest.counterCheck(UtilTest.java:417)
at com.qa.tiatros.pages.CourseDashboardPage.notificationCounterCheck(CourseDashboardPage.java:268)
at com.qa.tiatros.messaging.testcase.TC012.myGroupSection(TC012.java:42)
at java.util.ArrayList.forEach(ArrayList.java:1257)
... Removed 31 stack frames]]>
    </failure>
  </testcase> <!-- myGroupSection -->
</testsuite> <!-- Test -->
