<?xml version="1.0" encoding="UTF-8"?>
<!-- Generated by org.testng.reporters.JUnitXMLReporter -->
<testsuite hostname="Satishs-iMac.local" ignored="0" name="Test" tests="15" failures="0" timestamp="20 Feb 2020 12:43:35 GMT" time="663.092" errors="0">
  <testcase name="addMultiPost_World" time="20.635" classname="com.qa.tiatros.gratitudeJournal.testcase.TC04"/>
  <testcase name="addMultiPost_World" time="20.873" classname="com.qa.tiatros.gratitudeJournal.testcase.TC04"/>
  <testcase name="addMultiPost_World" time="20.836" classname="com.qa.tiatros.gratitudeJournal.testcase.TC04"/>
  <testcase name="addMultiPost_GROUP" time="20.592" classname="com.qa.tiatros.gratitudeJournal.testcase.TC02"/>
  <testcase name="addMultiPost_MyOrganisation" time="20.852" classname="com.qa.tiatros.gratitudeJournal.testcase.TC03"/>
  <testcase name="addMultiPost_MyOrganisation" time="20.554" classname="com.qa.tiatros.gratitudeJournal.testcase.TC03"/>
  <testcase name="addMultiPost_MyOrganisation" time="20.841" classname="com.qa.tiatros.gratitudeJournal.testcase.TC03"/>
  <testcase name="addMultiPost_ME" time="20.633" classname="com.qa.tiatros.gratitudeJournal.testcase.TC01"/>
  <testcase name="addMultiPost_ME" time="20.824" classname="com.qa.tiatros.gratitudeJournal.testcase.TC01"/>
  <testcase name="addMultiPost_ME" time="20.446" classname="com.qa.tiatros.gratitudeJournal.testcase.TC01"/>
  <testcase name="validateBlankPost" time="17.667" classname="com.qa.tiatros.gratitudeJournal.testcase.TC05"/>
  <testcase name="validateBlankPost" time="17.3" classname="com.qa.tiatros.gratitudeJournal.testcase.TC05"/>
  <testcase name="validateBlankPost" time="17.343" classname="com.qa.tiatros.gratitudeJournal.testcase.TC05"/>
  <testcase name="sEE_ALL_Messages" time="20.877" classname="com.qa.tiatros.gratitudeJournal.testcase.TC06"/>
  <testcase name="eDit_Journal_ME" time="127.07" classname="com.qa.tiatros.gratitudeJournal.testcase.TC07"/>
</testsuite> <!-- Test -->
