<?xml version="1.0" encoding="UTF-8"?>
<!-- Generated by org.testng.reporters.JUnitXMLReporter -->
<testsuite hostname="Satishs-iMac.local" ignored="12" name="Tiatros" tests="1" failures="1" timestamp="15 Mar 2019 12:32:44 GMT" time="0.051" errors="0">
  <testcase name="dashboard_Click_All" time="0.014" classname="com.qa.tiatros.testcase.DashboardTest">
    <failure type="java.lang.NullPointerException">
      <![CDATA[java.lang.NullPointerException
at com.qa.tiatros.testcase.DashboardTest.dashboard_Click_All(DashboardTest.java:64)
... Removed 25 stack frames]]>
    </failure>
  </testcase> <!-- dashboard_Click_All -->
  <testcase name="signup_TillDashboard" time="0.0" classname="com.qa.tiatros.testcase.SignupTest">
    <ignored/>
  </testcase> <!-- signup_TillDashboard -->
  <testcase name="click_pss10Page_after_SignIN" time="0.0" classname="com.qa.tiatros.testcase.DashboardTest">
    <ignored/>
  </testcase> <!-- click_pss10Page_after_SignIN -->
  <testcase name="click_Signup_Link" time="0.0" classname="com.qa.tiatros.testcase.RegistrationTest">
    <ignored/>
  </testcase> <!-- click_Signup_Link -->
  <testcase name="click_phq15page_after_SignIN" time="0.0" classname="com.qa.tiatros.testcase.DashboardTest">
    <ignored/>
  </testcase> <!-- click_phq15page_after_SignIN -->
  <testcase name="click_phq9Page_after_SignIN" time="0.0" classname="com.qa.tiatros.testcase.DashboardTest">
    <ignored/>
  </testcase> <!-- click_phq9Page_after_SignIN -->
  <testcase name="click_userfactspage_after_SignIN" time="0.0" classname="com.qa.tiatros.testcase.DashboardTest">
    <ignored/>
  </testcase> <!-- click_userfactspage_after_SignIN -->
  <testcase name="validationAndVerification_Signup" time="0.0" classname="com.qa.tiatros.testcase.SignupTest">
    <ignored/>
  </testcase> <!-- validationAndVerification_Signup -->
  <testcase name="click_Gad7Page" time="0.0" classname="com.qa.tiatros.testcase.DashboardTest">
    <ignored/>
  </testcase> <!-- click_Gad7Page -->
  <testcase name="click_StressInventorypage_after_SignIN" time="0.0" classname="com.qa.tiatros.testcase.DashboardTest">
    <ignored/>
  </testcase> <!-- click_StressInventorypage_after_SignIN -->
  <testcase name="validationAndVerification" time="0.0" classname="com.qa.tiatros.testcase.RegistrationTest">
    <ignored/>
  </testcase> <!-- validationAndVerification -->
  <testcase name="click_Phq9Page" time="0.0" classname="com.qa.tiatros.testcase.DashboardTest">
    <ignored/>
  </testcase> <!-- click_Phq9Page -->
  <testcase name="click_gad7page_after_SignIN" time="0.0" classname="com.qa.tiatros.testcase.DashboardTest">
    <ignored/>
  </testcase> <!-- click_gad7page_after_SignIN -->
</testsuite> <!-- Tiatros -->
