<?xml version="1.0" encoding="UTF-8"?>
<!-- Generated by org.testng.reporters.JUnitXMLReporter -->
<testsuite hostname="Satishs-iMac.local" ignored="0" name="SignIN" tests="11" failures="0" timestamp="06 Feb 2020 09:11:41 GMT" time="249.8" errors="0">
  <testcase name="tc009_signIN" time="25.712" classname="com.qa.tiatros.signIn.testcase.TC009"/>
  <testcase name="tc008_signIN" time="7.494" classname="com.qa.tiatros.signIn.testcase.TC008"/>
  <testcase name="tc007_signIN" time="7.785" classname="com.qa.tiatros.signIn.testcase.TC007"/>
  <testcase name="tc006_signIN" time="8.191" classname="com.qa.tiatros.signIn.testcase.TC006"/>
  <testcase name="tc005_signIN" time="7.19" classname="com.qa.tiatros.signIn.testcase.TC005"/>
  <testcase name="tc004_signIN" time="7.447" classname="com.qa.tiatros.signIn.testcase.TC004"/>
  <testcase name="tc003_signIN" time="8.673" classname="com.qa.tiatros.signIn.testcase.TC003"/>
  <testcase name="tc002_signIN" time="7.22" classname="com.qa.tiatros.signIn.testcase.TC002"/>
  <testcase name="tc012_signIN" time="29.839" classname="com.qa.tiatros.signIn.testcase.TC012"/>
  <testcase name="tc011_signIN" time="30.99" classname="com.qa.tiatros.signIn.testcase.TC011"/>
  <testcase name="tc010_signIN" time="29.602" classname="com.qa.tiatros.signIn.testcase.TC010"/>
</testsuite> <!-- SignIN -->
