<?xml version="1.0" encoding="UTF-8"?>
<!-- Generated by org.testng.reporters.JUnitXMLReporter -->
<testsuite hostname="Satishs-iMac.local" ignored="2" name="Test" tests="11" failures="0" timestamp="12 Jun 2019 10:38:54 GMT" time="273.347" errors="0">
  <testcase name="tc009_signIN" time="26.655" classname="com.qa.tiatros.signIn.testcase.TC009"/>
  <testcase name="tc005_signIN" time="7.157" classname="com.qa.tiatros.signIn.testcase.TC005"/>
  <testcase name="tc008_signIN" time="7.537" classname="com.qa.tiatros.signIn.testcase.TC008"/>
  <testcase name="tc004_signIN" time="7.537" classname="com.qa.tiatros.signIn.testcase.TC004"/>
  <testcase name="tc007_signIN" time="7.942" classname="com.qa.tiatros.signIn.testcase.TC007"/>
  <testcase name="tc003_signIN" time="8.767" classname="com.qa.tiatros.signIn.testcase.TC003"/>
  <testcase name="tc006_signIN" time="8.223" classname="com.qa.tiatros.signIn.testcase.TC006"/>
  <testcase name="tc002_signIN" time="7.235" classname="com.qa.tiatros.signIn.testcase.TC002"/>
  <testcase name="tc012_signIN" time="29.81" classname="com.qa.tiatros.signIn.testcase.TC012"/>
  <testcase name="tc011_signIN" time="30.952" classname="com.qa.tiatros.signIn.testcase.TC011"/>
  <testcase name="tc010_signIN" time="29.572" classname="com.qa.tiatros.signIn.testcase.TC010"/>
  <testcase name="clickonsession2" time="0.0" classname="com.qa.tiatros.course.testcase.TC001">
    <ignored/>
  </testcase> <!-- clickonsession2 -->
  <testcase name="clickonsession1" time="0.0" classname="com.qa.tiatros.course.testcase.TC001">
    <ignored/>
  </testcase> <!-- clickonsession1 -->
</testsuite> <!-- Test -->
