<?xml version="1.0" encoding="UTF-8"?>
<!-- Generated by org.testng.reporters.JUnitXMLReporter -->
<testsuite hostname="Satishs-iMac.local" ignored="0" name="ALL" tests="1" failures="0" timestamp="05 Sep 2019 10:47:47 GMT" time="8.856" errors="0">
  <testcase name="@BeforeMethod initobjects" time="8.799" classname="com.qa.tiatros.registration.testcase.TC001">
    <failure type="org.openqa.selenium.WebDriverException" message="unknown error: cannot determine loading status
from disconnected: received Inspector.detached event
  (Session info: chrome=76.0.3809.132)
Build info: version: &amp;apos;3.141.59&amp;apos;, revision: &amp;apos;e82be7d358&amp;apos;, time: &amp;apos;2018-11-14T08:17:03&amp;apos;
System info: host: &amp;apos;Satishs-iMac.local&amp;apos;, ip: &amp;apos;fe80:0:0:0:18c8:3292:4b21:7a04%en0&amp;apos;, os.name: &amp;apos;Mac OS X&amp;apos;, os.arch: &amp;apos;x86_64&amp;apos;, os.version: &amp;apos;10.13.6&amp;apos;, java.version: &amp;apos;1.8.0_181&amp;apos;
Driver info: org.openqa.selenium.chrome.ChromeDriver
Capabilities {acceptInsecureCerts: false, browserName: chrome, browserVersion: 76.0.3809.132, chrome: {chromedriverVersion: 76.0.3809.68 (420c9498db8ce..., userDataDir: /var/folders/by/zcvmnm0n0gg...}, goog:chromeOptions: {debuggerAddress: localhost:52425}, javascriptEnabled: true, networkConnectionEnabled: false, pageLoadStrategy: normal, platform: MAC, platformName: MAC, proxy: Proxy(), setWindowRect: true, strictFileInteractability: false, timeouts: {implicit: 0, pageLoad: 300000, script: 30000}, unhandledPromptBehavior: dismiss and notify}
Session ID: 2ad3eb49aae78c0630d4f6e3fbf94eef">
      <![CDATA[org.openqa.selenium.WebDriverException: unknown error: cannot determine loading status
from disconnected: received Inspector.detached event
  (Session info: chrome=76.0.3809.132)
Build info: version: '3.141.59', revision: 'e82be7d358', time: '2018-11-14T08:17:03'
System info: host: 'Satishs-iMac.local', ip: 'fe80:0:0:0:18c8:3292:4b21:7a04%en0', os.name: 'Mac OS X', os.arch: 'x86_64', os.version: '10.13.6', java.version: '1.8.0_181'
Driver info: org.openqa.selenium.chrome.ChromeDriver
Capabilities {acceptInsecureCerts: false, browserName: chrome, browserVersion: 76.0.3809.132, chrome: {chromedriverVersion: 76.0.3809.68 (420c9498db8ce..., userDataDir: /var/folders/by/zcvmnm0n0gg...}, goog:chromeOptions: {debuggerAddress: localhost:52425}, javascriptEnabled: true, networkConnectionEnabled: false, pageLoadStrategy: normal, platform: MAC, platformName: MAC, proxy: Proxy(), setWindowRect: true, strictFileInteractability: false, timeouts: {implicit: 0, pageLoad: 300000, script: 30000}, unhandledPromptBehavior: dismiss and notify}
Session ID: 2ad3eb49aae78c0630d4f6e3fbf94eef
at org.openqa.selenium.remote.http.W3CHttpResponseCodec.createException(W3CHttpResponseCodec.java:187)
at org.openqa.selenium.remote.http.W3CHttpResponseCodec.decode(W3CHttpResponseCodec.java:122)
at org.openqa.selenium.remote.http.W3CHttpResponseCodec.decode(W3CHttpResponseCodec.java:49)
at org.openqa.selenium.remote.HttpCommandExecutor.execute(HttpCommandExecutor.java:158)
at org.openqa.selenium.remote.service.DriverCommandExecutor.execute(DriverCommandExecutor.java:83)
at org.openqa.selenium.remote.RemoteWebDriver.execute(RemoteWebDriver.java:552)
at org.openqa.selenium.remote.RemoteWebDriver.get(RemoteWebDriver.java:277)
at com.qa.tiatros.base.TestBase.init(TestBase.java:61)
at com.qa.tiatros.registration.testcase.TC001.initobjects(TC001.java:50)
... Removed 32 stack frames]]>
    </failure>
  </testcase> <!-- @BeforeMethod initobjects -->
  <testcase name="@AfterMethod tearDown" time="0.0" classname="com.qa.tiatros.registration.testcase.TC001">
    <skipped/>
  </testcase> <!-- @AfterMethod tearDown -->
  <testcase name="registration_E2E_WithoutPhnNum" time="0.0" classname="com.qa.tiatros.registration.testcase.TC001">
    <skipped/>
  </testcase> <!-- registration_E2E_WithoutPhnNum -->
</testsuite> <!-- ALL -->
