<?xml version="1.0" encoding="UTF-8"?>
<!-- Generated by org.testng.reporters.JUnitXMLReporter -->
<testsuite hostname="Satishs-iMac.local" ignored="3" name="SignIN_Tiatros" tests="0" failures="0" timestamp="18 Apr 2019 10:38:42 GMT" time="35.768" errors="0">
  <testcase name="return_user_dashboard_Click_All" time="0.0" classname="com.qa.tiatros.testcase.DashboardTest">
    <ignored/>
  </testcase> <!-- return_user_dashboard_Click_All -->
  <testcase name="click_Gad7Page" time="0.0" classname="com.qa.tiatros.testcase.DashboardTest">
    <ignored/>
  </testcase> <!-- click_Gad7Page -->
  <testcase name="click_Phq9Page" time="0.0" classname="com.qa.tiatros.testcase.DashboardTest">
    <ignored/>
  </testcase> <!-- click_Phq9Page -->
</testsuite> <!-- SignIN_Tiatros -->
