-------------------------------------------------------------------------------
Test set: TestSuite
-------------------------------------------------------------------------------
Tests run: 3, Failures: 2, Errors: 0, Skipped: 0, Time elapsed: 40.151 sec <<< FAILURE!
signup_TillDashboard(com.qa.tiatros.testcase.SignupTest)  Time elapsed: 6.457 sec  <<< FAILURE!
java.lang.NoSuchMethodError: org.apache.poi.util.POILogger.log(ILjava/lang/Object;)V
	at org.apache.poi.openxml4j.opc.PackageRelationshipCollection.parseRelationshipsPart(PackageRelationshipCollection.java:313)
	at org.apache.poi.openxml4j.opc.PackageRelationshipCollection.<init>(PackageRelationshipCollection.java:163)
	at org.apache.poi.openxml4j.opc.PackageRelationshipCollection.<init>(PackageRelationshipCollection.java:131)
	at org.apache.poi.openxml4j.opc.PackagePart.loadRelationships(PackagePart.java:559)
	at org.apache.poi.openxml4j.opc.PackagePart.<init>(PackagePart.java:112)
	at org.apache.poi.openxml4j.opc.PackagePart.<init>(PackagePart.java:83)
	at org.apache.poi.openxml4j.opc.PackagePart.<init>(PackagePart.java:128)
	at org.apache.poi.openxml4j.opc.ZipPackagePart.<init>(ZipPackagePart.java:78)
	at org.apache.poi.openxml4j.opc.ZipPackage.getPartsImpl(ZipPackage.java:243)
	at org.apache.poi.openxml4j.opc.OPCPackage.getParts(OPCPackage.java:673)
	at org.apache.poi.openxml4j.opc.OPCPackage.open(OPCPackage.java:274)
	at org.apache.poi.util.PackageHelper.open(PackageHelper.java:37)
	at org.apache.poi.xssf.usermodel.XSSFWorkbook.<init>(XSSFWorkbook.java:258)
	at com.qa.tiatros.util.UtilTest.readExcel(UtilTest.java:107)
	at com.qa.tiatros.pages.SignupPage.signup_Details(SignupPage.java:70)
	at com.qa.tiatros.testcase.SignupTest.signup_TillDashboard(SignupTest.java:54)

dashboard_Click_All(com.qa.tiatros.testcase.DashboardTest)  Time elapsed: 6.16 sec  <<< FAILURE!
java.lang.NoSuchMethodError: org.apache.poi.util.POILogger.log(ILjava/lang/Object;)V
	at org.apache.poi.openxml4j.opc.PackageRelationshipCollection.parseRelationshipsPart(PackageRelationshipCollection.java:313)
	at org.apache.poi.openxml4j.opc.PackageRelationshipCollection.<init>(PackageRelationshipCollection.java:163)
	at org.apache.poi.openxml4j.opc.PackageRelationshipCollection.<init>(PackageRelationshipCollection.java:131)
	at org.apache.poi.openxml4j.opc.PackagePart.loadRelationships(PackagePart.java:559)
	at org.apache.poi.openxml4j.opc.PackagePart.<init>(PackagePart.java:112)
	at org.apache.poi.openxml4j.opc.PackagePart.<init>(PackagePart.java:83)
	at org.apache.poi.openxml4j.opc.PackagePart.<init>(PackagePart.java:128)
	at org.apache.poi.openxml4j.opc.ZipPackagePart.<init>(ZipPackagePart.java:78)
	at org.apache.poi.openxml4j.opc.ZipPackage.getPartsImpl(ZipPackage.java:243)
	at org.apache.poi.openxml4j.opc.OPCPackage.getParts(OPCPackage.java:673)
	at org.apache.poi.openxml4j.opc.OPCPackage.open(OPCPackage.java:274)
	at org.apache.poi.util.PackageHelper.open(PackageHelper.java:37)
	at org.apache.poi.xssf.usermodel.XSSFWorkbook.<init>(XSSFWorkbook.java:258)
	at com.qa.tiatros.util.UtilTest.readExcel(UtilTest.java:107)
	at com.qa.tiatros.pages.SignupPage.signup_Details(SignupPage.java:70)
	at com.qa.tiatros.testcase.DashboardTest.dashboard_Click_All(DashboardTest.java:71)

