<?xml version="1.0" encoding="UTF-8"?>
<testng-results skipped="0" failed="2" ignored="3" total="6" passed="1">
  <reporter-output>
  </reporter-output>
  <suite name="Tiatros" duration-ms="49881" started-at="2019-07-16T07:02:13Z" finished-at="2019-07-16T07:03:03Z">
    <groups>
    </groups>
    <test name="ALL" duration-ms="49881" started-at="2019-07-16T07:02:13Z" finished-at="2019-07-16T07:03:03Z">
      <class name="com.qa.tiatros.testcase.SignupTest">
        <test-method status="PASS" signature="initobjects()[pri:0, instance:com.qa.tiatros.testcase.SignupTest@1e67b872]" name="initobjects" is-config="true" duration-ms="15000" started-at="2019-07-16T07:02:13Z" finished-at="2019-07-16T07:02:28Z">
          <reporter-output>
          </reporter-output>
        </test-method> <!-- initobjects -->
        <test-method status="FAIL" signature="signup_TillDashboard()[pri:0, instance:com.qa.tiatros.testcase.SignupTest@1e67b872]" name="signup_TillDashboard" duration-ms="7000" started-at="2019-07-16T07:02:28Z" finished-at="2019-07-16T07:02:35Z">
          <exception class="java.lang.NoSuchMethodError">
            <message>
              <![CDATA[org.apache.poi.util.POILogger.log(ILjava/lang/Object;)V]]>
            </message>
            <full-stacktrace>
              <![CDATA[java.lang.NoSuchMethodError: org.apache.poi.util.POILogger.log(ILjava/lang/Object;)V
at org.apache.poi.openxml4j.opc.PackageRelationshipCollection.parseRelationshipsPart(PackageRelationshipCollection.java:313)
at org.apache.poi.openxml4j.opc.PackageRelationshipCollection.<init>(PackageRelationshipCollection.java:163)
at org.apache.poi.openxml4j.opc.PackageRelationshipCollection.<init>(PackageRelationshipCollection.java:131)
at org.apache.poi.openxml4j.opc.PackagePart.loadRelationships(PackagePart.java:559)
at org.apache.poi.openxml4j.opc.PackagePart.<init>(PackagePart.java:112)
at org.apache.poi.openxml4j.opc.PackagePart.<init>(PackagePart.java:83)
at org.apache.poi.openxml4j.opc.PackagePart.<init>(PackagePart.java:128)
at org.apache.poi.openxml4j.opc.ZipPackagePart.<init>(ZipPackagePart.java:78)
at org.apache.poi.openxml4j.opc.ZipPackage.getPartsImpl(ZipPackage.java:243)
at org.apache.poi.openxml4j.opc.OPCPackage.getParts(OPCPackage.java:673)
at org.apache.poi.openxml4j.opc.OPCPackage.open(OPCPackage.java:274)
at org.apache.poi.util.PackageHelper.open(PackageHelper.java:37)
at org.apache.poi.xssf.usermodel.XSSFWorkbook.<init>(XSSFWorkbook.java:258)
at com.qa.tiatros.util.UtilTest.readExcel(UtilTest.java:103)
at com.qa.tiatros.pages.SignupPage.signup_Details(SignupPage.java:71)
at com.qa.tiatros.testcase.SignupTest.signup_TillDashboard(SignupTest.java:54)
at sun.reflect.NativeMethodAccessorImpl.invoke0(Native Method)
at sun.reflect.NativeMethodAccessorImpl.invoke(NativeMethodAccessorImpl.java:62)
at sun.reflect.DelegatingMethodAccessorImpl.invoke(DelegatingMethodAccessorImpl.java:43)
at java.lang.reflect.Method.invoke(Method.java:498)
at org.testng.internal.MethodInvocationHelper.invokeMethod(MethodInvocationHelper.java:124)
at org.testng.internal.Invoker.invokeMethod(Invoker.java:583)
at org.testng.internal.Invoker.invokeTestMethod(Invoker.java:719)
at org.testng.internal.Invoker.invokeTestMethods(Invoker.java:989)
at org.testng.internal.TestMethodWorker.invokeTestMethods(TestMethodWorker.java:125)
at org.testng.internal.TestMethodWorker.run(TestMethodWorker.java:109)
at org.testng.TestRunner.privateRun(TestRunner.java:648)
at org.testng.TestRunner.run(TestRunner.java:505)
at org.testng.SuiteRunner.runTest(SuiteRunner.java:455)
at org.testng.SuiteRunner.runSequentially(SuiteRunner.java:450)
at org.testng.SuiteRunner.privateRun(SuiteRunner.java:415)
at org.testng.SuiteRunner.run(SuiteRunner.java:364)
at org.testng.SuiteRunnerWorker.runSuite(SuiteRunnerWorker.java:52)
at org.testng.SuiteRunnerWorker.run(SuiteRunnerWorker.java:84)
at org.testng.TestNG.runSuitesSequentially(TestNG.java:1208)
at org.testng.TestNG.runSuitesLocally(TestNG.java:1137)
at org.testng.TestNG.runSuites(TestNG.java:1049)
at org.testng.TestNG.run(TestNG.java:1017)
at org.apache.maven.surefire.testng.TestNGExecutor.run(TestNGExecutor.java:178)
at org.apache.maven.surefire.testng.TestNGXmlTestSuite.execute(TestNGXmlTestSuite.java:92)
at org.apache.maven.surefire.testng.TestNGProvider.invoke(TestNGProvider.java:96)
at sun.reflect.NativeMethodAccessorImpl.invoke0(Native Method)
at sun.reflect.NativeMethodAccessorImpl.invoke(NativeMethodAccessorImpl.java:62)
at sun.reflect.DelegatingMethodAccessorImpl.invoke(DelegatingMethodAccessorImpl.java:43)
at java.lang.reflect.Method.invoke(Method.java:498)
at org.apache.maven.surefire.util.ReflectionUtils.invokeMethodWithArray2(ReflectionUtils.java:208)
at org.apache.maven.surefire.booter.ProviderFactory$ProviderProxy.invoke(ProviderFactory.java:159)
at org.apache.maven.surefire.booter.ProviderFactory.invokeProvider(ProviderFactory.java:87)
at org.apache.maven.surefire.booter.ForkedBooter.runSuitesInProcess(ForkedBooter.java:153)
at org.apache.maven.surefire.booter.ForkedBooter.main(ForkedBooter.java:95)
]]>
            </full-stacktrace>
          </exception> <!-- java.lang.NoSuchMethodError -->
          <reporter-output>
          </reporter-output>
        </test-method> <!-- signup_TillDashboard -->
        <test-method status="PASS" signature="tearDown()[pri:0, instance:com.qa.tiatros.testcase.SignupTest@1e67b872]" name="tearDown" is-config="true" duration-ms="135" started-at="2019-07-16T07:02:35Z" finished-at="2019-07-16T07:02:36Z">
          <reporter-output>
          </reporter-output>
        </test-method> <!-- tearDown -->
        <test-method status="PASS" signature="initobjects()[pri:0, instance:com.qa.tiatros.testcase.SignupTest@1e67b872]" name="initobjects" is-config="true" duration-ms="7455" started-at="2019-07-16T07:02:36Z" finished-at="2019-07-16T07:02:43Z">
          <reporter-output>
          </reporter-output>
        </test-method> <!-- initobjects -->
        <test-method status="PASS" signature="validationAndVerification_Signup()[pri:0, instance:com.qa.tiatros.testcase.SignupTest@1e67b872]" name="validationAndVerification_Signup" duration-ms="6145" started-at="2019-07-16T07:02:43Z" finished-at="2019-07-16T07:02:49Z">
          <reporter-output>
          </reporter-output>
        </test-method> <!-- validationAndVerification_Signup -->
        <test-method status="PASS" signature="tearDown()[pri:0, instance:com.qa.tiatros.testcase.SignupTest@1e67b872]" name="tearDown" is-config="true" duration-ms="133" started-at="2019-07-16T07:02:49Z" finished-at="2019-07-16T07:02:49Z">
          <reporter-output>
          </reporter-output>
        </test-method> <!-- tearDown -->
      </class> <!-- com.qa.tiatros.testcase.SignupTest -->
      <class name="com.qa.tiatros.testcase.DashboardTest">
        <test-method status="PASS" signature="initobjects()[pri:0, instance:com.qa.tiatros.testcase.DashboardTest@60addb54]" name="initobjects" is-config="true" duration-ms="7173" started-at="2019-07-16T07:02:49Z" finished-at="2019-07-16T07:02:56Z">
          <reporter-output>
          </reporter-output>
        </test-method> <!-- initobjects -->
        <test-method status="FAIL" signature="dashboard_Click_All()[pri:0, instance:com.qa.tiatros.testcase.DashboardTest@60addb54]" name="dashboard_Click_All" duration-ms="5800" started-at="2019-07-16T07:02:56Z" finished-at="2019-07-16T07:03:02Z">
          <exception class="java.lang.NoSuchMethodError">
            <message>
              <![CDATA[org.apache.poi.util.POILogger.log(ILjava/lang/Object;)V]]>
            </message>
            <full-stacktrace>
              <![CDATA[java.lang.NoSuchMethodError: org.apache.poi.util.POILogger.log(ILjava/lang/Object;)V
at org.apache.poi.openxml4j.opc.PackageRelationshipCollection.parseRelationshipsPart(PackageRelationshipCollection.java:313)
at org.apache.poi.openxml4j.opc.PackageRelationshipCollection.<init>(PackageRelationshipCollection.java:163)
at org.apache.poi.openxml4j.opc.PackageRelationshipCollection.<init>(PackageRelationshipCollection.java:131)
at org.apache.poi.openxml4j.opc.PackagePart.loadRelationships(PackagePart.java:559)
at org.apache.poi.openxml4j.opc.PackagePart.<init>(PackagePart.java:112)
at org.apache.poi.openxml4j.opc.PackagePart.<init>(PackagePart.java:83)
at org.apache.poi.openxml4j.opc.PackagePart.<init>(PackagePart.java:128)
at org.apache.poi.openxml4j.opc.ZipPackagePart.<init>(ZipPackagePart.java:78)
at org.apache.poi.openxml4j.opc.ZipPackage.getPartsImpl(ZipPackage.java:243)
at org.apache.poi.openxml4j.opc.OPCPackage.getParts(OPCPackage.java:673)
at org.apache.poi.openxml4j.opc.OPCPackage.open(OPCPackage.java:274)
at org.apache.poi.util.PackageHelper.open(PackageHelper.java:37)
at org.apache.poi.xssf.usermodel.XSSFWorkbook.<init>(XSSFWorkbook.java:258)
at com.qa.tiatros.util.UtilTest.readExcel(UtilTest.java:103)
at com.qa.tiatros.pages.SignupPage.signup_Details(SignupPage.java:71)
at com.qa.tiatros.testcase.DashboardTest.dashboard_Click_All(DashboardTest.java:71)
at sun.reflect.NativeMethodAccessorImpl.invoke0(Native Method)
at sun.reflect.NativeMethodAccessorImpl.invoke(NativeMethodAccessorImpl.java:62)
at sun.reflect.DelegatingMethodAccessorImpl.invoke(DelegatingMethodAccessorImpl.java:43)
at java.lang.reflect.Method.invoke(Method.java:498)
at org.testng.internal.MethodInvocationHelper.invokeMethod(MethodInvocationHelper.java:124)
at org.testng.internal.Invoker.invokeMethod(Invoker.java:583)
at org.testng.internal.Invoker.invokeTestMethod(Invoker.java:719)
at org.testng.internal.Invoker.invokeTestMethods(Invoker.java:989)
at org.testng.internal.TestMethodWorker.invokeTestMethods(TestMethodWorker.java:125)
at org.testng.internal.TestMethodWorker.run(TestMethodWorker.java:109)
at org.testng.TestRunner.privateRun(TestRunner.java:648)
at org.testng.TestRunner.run(TestRunner.java:505)
at org.testng.SuiteRunner.runTest(SuiteRunner.java:455)
at org.testng.SuiteRunner.runSequentially(SuiteRunner.java:450)
at org.testng.SuiteRunner.privateRun(SuiteRunner.java:415)
at org.testng.SuiteRunner.run(SuiteRunner.java:364)
at org.testng.SuiteRunnerWorker.runSuite(SuiteRunnerWorker.java:52)
at org.testng.SuiteRunnerWorker.run(SuiteRunnerWorker.java:84)
at org.testng.TestNG.runSuitesSequentially(TestNG.java:1208)
at org.testng.TestNG.runSuitesLocally(TestNG.java:1137)
at org.testng.TestNG.runSuites(TestNG.java:1049)
at org.testng.TestNG.run(TestNG.java:1017)
at org.apache.maven.surefire.testng.TestNGExecutor.run(TestNGExecutor.java:178)
at org.apache.maven.surefire.testng.TestNGXmlTestSuite.execute(TestNGXmlTestSuite.java:92)
at org.apache.maven.surefire.testng.TestNGProvider.invoke(TestNGProvider.java:96)
at sun.reflect.NativeMethodAccessorImpl.invoke0(Native Method)
at sun.reflect.NativeMethodAccessorImpl.invoke(NativeMethodAccessorImpl.java:62)
at sun.reflect.DelegatingMethodAccessorImpl.invoke(DelegatingMethodAccessorImpl.java:43)
at java.lang.reflect.Method.invoke(Method.java:498)
at org.apache.maven.surefire.util.ReflectionUtils.invokeMethodWithArray2(ReflectionUtils.java:208)
at org.apache.maven.surefire.booter.ProviderFactory$ProviderProxy.invoke(ProviderFactory.java:159)
at org.apache.maven.surefire.booter.ProviderFactory.invokeProvider(ProviderFactory.java:87)
at org.apache.maven.surefire.booter.ForkedBooter.runSuitesInProcess(ForkedBooter.java:153)
at org.apache.maven.surefire.booter.ForkedBooter.main(ForkedBooter.java:95)
]]>
            </full-stacktrace>
          </exception> <!-- java.lang.NoSuchMethodError -->
          <reporter-output>
          </reporter-output>
        </test-method> <!-- dashboard_Click_All -->
        <test-method status="PASS" signature="tearDown()[pri:0, instance:com.qa.tiatros.testcase.DashboardTest@60addb54]" name="tearDown" is-config="true" duration-ms="131" started-at="2019-07-16T07:03:03Z" finished-at="2019-07-16T07:03:03Z">
          <reporter-output>
          </reporter-output>
        </test-method> <!-- tearDown -->
      </class> <!-- com.qa.tiatros.testcase.DashboardTest -->
    </test> <!-- ALL -->
  </suite> <!-- Tiatros -->
</testng-results>
