<?xml version="1.0" encoding="UTF-8"?>
<!-- Generated by org.testng.reporters.JUnitXMLReporter -->
<testsuite hostname="Satishs-iMac.local" ignored="3" name="Command line test" tests="0" failures="0" timestamp="10 Apr 2019 11:21:23 GMT" time="32.174" errors="0">
  <testcase name="return_user_dashboard_Click_All" time="0.0" classname="com.qa.tiatros.testcase.DashboardTest">
    <ignored/>
  </testcase> <!-- return_user_dashboard_Click_All -->
  <testcase name="click_Gad7Page" time="0.0" classname="com.qa.tiatros.testcase.DashboardTest">
    <ignored/>
  </testcase> <!-- click_Gad7Page -->
  <testcase name="click_Phq9Page" time="0.0" classname="com.qa.tiatros.testcase.DashboardTest">
    <ignored/>
  </testcase> <!-- click_Phq9Page -->
</testsuite> <!-- Command line test -->
