<?xml version="1.0" encoding="UTF-8"?>
<testng-results skipped="0" failed="0" ignored="0" total="1" passed="1">
  <reporter-output>
  </reporter-output>
  <suite name="Default suite" duration-ms="60765" started-at="2020-02-20T12:14:27Z" finished-at="2020-02-20T12:15:28Z">
    <groups>
    </groups>
    <test name="Default test" duration-ms="60765" started-at="2020-02-20T12:14:27Z" finished-at="2020-02-20T12:15:28Z">
      <class name="com.qa.tiatros.gratitudeJournal.testcase.TC08">
        <test-method status="PASS" signature="initobjects()[pri:0, instance:com.qa.tiatros.gratitudeJournal.testcase.TC08@4b952a2d]" name="initobjects" is-config="true" duration-ms="9001" started-at="2020-02-20T12:14:27Z" finished-at="2020-02-20T12:14:36Z">
          <reporter-output>
          </reporter-output>
        </test-method> <!-- initobjects -->
        <test-method status="PASS" signature="eDit_Journal_Group()[pri:0, instance:com.qa.tiatros.gratitudeJournal.testcase.TC08@4b952a2d]" name="eDit_Journal_Group" duration-ms="51574" started-at="2020-02-20T12:14:36Z" description="Click on &quot;See all messages&quot; and navigate to all the journal sections" finished-at="2020-02-20T12:15:28Z">
          <reporter-output>
          </reporter-output>
        </test-method> <!-- eDit_Journal_Group -->
        <test-method status="PASS" signature="tearDown()[pri:0, instance:com.qa.tiatros.gratitudeJournal.testcase.TC08@4b952a2d]" name="tearDown" is-config="true" duration-ms="159" started-at="2020-02-20T12:15:28Z" finished-at="2020-02-20T12:15:28Z">
          <reporter-output>
          </reporter-output>
        </test-method> <!-- tearDown -->
      </class> <!-- com.qa.tiatros.gratitudeJournal.testcase.TC08 -->
    </test> <!-- Default test -->
  </suite> <!-- Default suite -->
</testng-results>
