<?xml version="1.0" encoding="UTF-8"?>
<!-- Generated by org.testng.reporters.JUnitReportReporter -->
<testsuite skipped="2" hostname="Satishs-iMac.local" name="com.qa.tiatros.testcase.Direct_DashboardTest" tests="8" failures="0" timestamp="27 Aug 2019 06:29:52 GMT" time="187.220" errors="0">
  <testcase name="click_userfactspage_after_SignIN" time="36.370" classname="com.qa.tiatros.testcase.Direct_DashboardTest"/>
  <testcase name="click_StressInventorypage_after_SignIN" time="28.557" classname="com.qa.tiatros.testcase.Direct_DashboardTest"/>
  <testcase name="click_phq15page_after_SignIN" time="29.765" classname="com.qa.tiatros.testcase.Direct_DashboardTest"/>
  <testcase name="click_phq9Page_after_SignIN" time="28.558" classname="com.qa.tiatros.testcase.Direct_DashboardTest"/>
  <testcase name="click_gad7page_after_SignIN" time="29.649" classname="com.qa.tiatros.testcase.Direct_DashboardTest"/>
  <testcase name="click_pss10Page_after_SignIN" time="34.321" classname="com.qa.tiatros.testcase.Direct_DashboardTest"/>
  <testcase name="scale_select" classname="com.qa.tiatros.testcase.Direct_DashboardTest">
    <skipped/>
  </testcase> <!-- scale_select -->
  <testcase name="inventory_Your_Stress" classname="com.qa.tiatros.testcase.Direct_DashboardTest">
    <skipped/>
  </testcase> <!-- inventory_Your_Stress -->
</testsuite> <!-- com.qa.tiatros.testcase.Direct_DashboardTest -->
